{"C:\\Users\\Usuario\\Desktop\\Programing\\Microverse\\Modul_2\\week_3\\Pair Programing\\Testing_practice\\task1.js": {"path":"C:\\Users\\Usuario\\Desktop\\Programing\\Microverse\\Modul_2\\week_3\\Pair Programing\\Testing_practice\\task1.js","statementMap":{"0":{"start":{"line":1,"column":21},"end":{"line":3,"column":1}},"1":{"start":{"line":2,"column":4},"end":{"line":2,"column":26}},"2":{"start":{"line":5,"column":0},"end":{"line":5,"column":30}}},"fnMap":{"0":{"name":"(anonymous_0)","decl":{"start":{"line":1,"column":21},"end":{"line":1,"column":22}},"loc":{"start":{"line":1,"column":33},"end":{"line":3,"column":1}},"line":1}},"branchMap":{},"s":{"0":1,"1":0,"2":1},"f":{"0":0},"b":{},"_coverageSchema":"1a1c01bbd47fc00a2c39e90264f33305004495a9","hash":"74a325d8f33ab948a943ad13bd11affe8e244d40"}
}
