{"C:\\Users\\Usuario\\Desktop\\Programing\\Microverse\\Modul_2\\week_3\\Pair Programing\\Testing_practice\\task1.js": {"path":"C:\\Users\\Usuario\\Desktop\\Programing\\Microverse\\Modul_2\\week_3\\Pair Programing\\Testing_practice\\task1.js","statementMap":{"0":{"start":{"line":1,"column":21},"end":{"line":3,"column":1}},"1":{"start":{"line":2,"column":4},"end":{"line":2,"column":26}},"2":{"start":{"line":5,"column":0},"end":{"line":5,"column":30}}},"fnMap":{"0":{"name":"(anonymous_0)","decl":{"start":{"line":1,"column":21},"end":{"line":1,"column":22}},"loc":{"start":{"line":1,"column":33},"end":{"line":3,"column":1}},"line":1}},"branchMap":{},"s":{"0":2,"1":2,"2":2},"f":{"0":2},"b":{},"_coverageSchema":"1a1c01bbd47fc00a2c39e90264f33305004495a9","hash":"74a325d8f33ab948a943ad13bd11affe8e244d40"}
,"C:\\Users\\Usuario\\Desktop\\Programing\\Microverse\\Modul_2\\week_3\\Pair Programing\\Testing_practice\\task3.js": {"path":"C:\\Users\\Usuario\\Desktop\\Programing\\Microverse\\Modul_2\\week_3\\Pair Programing\\Testing_practice\\task3.js","statementMap":{"0":{"start":{"line":3,"column":2},"end":{"line":3,"column":25}},"1":{"start":{"line":6,"column":8},"end":{"line":8,"column":3}},"2":{"start":{"line":7,"column":4},"end":{"line":7,"column":59}},"3":{"start":{"line":7,"column":41},"end":{"line":7,"column":54}},"4":{"start":{"line":10,"column":13},"end":{"line":12,"column":3}},"5":{"start":{"line":11,"column":4},"end":{"line":11,"column":53}},"6":{"start":{"line":11,"column":40},"end":{"line":11,"column":52}},"7":{"start":{"line":16,"column":0},"end":{"line":16,"column":28}}},"fnMap":{"0":{"name":"(anonymous_0)","decl":{"start":{"line":2,"column":4},"end":{"line":2,"column":5}},"loc":{"start":{"line":2,"column":18},"end":{"line":4,"column":5}},"line":2},"1":{"name":"(anonymous_1)","decl":{"start":{"line":6,"column":8},"end":{"line":6,"column":9}},"loc":{"start":{"line":6,"column":21},"end":{"line":8,"column":3}},"line":6},"2":{"name":"(anonymous_2)","decl":{"start":{"line":7,"column":23},"end":{"line":7,"column":24}},"loc":{"start":{"line":7,"column":41},"end":{"line":7,"column":54}},"line":7},"3":{"name":"(anonymous_3)","decl":{"start":{"line":10,"column":13},"end":{"line":10,"column":14}},"loc":{"start":{"line":10,"column":26},"end":{"line":12,"column":3}},"line":10},"4":{"name":"(anonymous_4)","decl":{"start":{"line":11,"column":23},"end":{"line":11,"column":24}},"loc":{"start":{"line":11,"column":40},"end":{"line":11,"column":52}},"line":11}},"branchMap":{},"s":{"0":2,"1":2,"2":3,"3":9,"4":2,"5":3,"6":4,"7":1},"f":{"0":2,"1":3,"2":9,"3":3,"4":4},"b":{},"_coverageSchema":"1a1c01bbd47fc00a2c39e90264f33305004495a9","hash":"ab706c51a07366796a80a0e7c644c53ba659f878"}
}
